android/app/build/intermediates/manifest_merge_blame_file/debug/manifest-merger-blame-debug-report.txt
1<?xml version="1.0" encoding="utf-8"?>
2<manifest xmlns:android="http://schemas.android.com/apk/res/android"
3    package="com.recraftreactnativebaseapp"
4    android:versionCode="1"
5    android:versionName="1.0" >
6
7    <uses-sdk
8        android:minSdkVersion="16"
9        android:targetSdkVersion="28" />
10
11    <uses-permission android:name="android.permission.SYSTEM_ALERT_WINDOW" />
11-->src/debug/AndroidManifest.xml:5:5-77
11-->src/debug/AndroidManifest.xml:5:22-75
12    <uses-permission android:name="android.permission.INTERNET" />
12-->src/main/AndroidManifest.xml:4:5-67
12-->src/main/AndroidManifest.xml:4:22-64
13
14    <application
14-->src/main/AndroidManifest.xml:6:5-34:19
15        android:name="com.recraftreactnativebaseapp.MainApplication"
15-->src/main/AndroidManifest.xml:7:7-38
16        android:allowBackup="false"
16-->src/main/AndroidManifest.xml:11:7-34
17        android:appComponentFactory="androidx.core.app.CoreComponentFactory"
17-->[androidx.core:core:1.0.1] AndroidManifest.xml:22:18-86
18        android:debuggable="true"
19        android:icon="@mipmap/ic_launcher"
19-->src/main/AndroidManifest.xml:9:7-41
20        android:label="@string/app_name"
20-->src/main/AndroidManifest.xml:8:7-39
21        android:roundIcon="@mipmap/ic_launcher"
21-->src/main/AndroidManifest.xml:10:7-46
22        android:theme="@style/AppTheme"
22-->src/main/AndroidManifest.xml:12:7-38
23        android:usesCleartextTraffic="true" >
23-->src/debug/AndroidManifest.xml:7:18-53
24        <activity
24-->src/main/AndroidManifest.xml:13:7-21:18
25            android:name="com.recraftreactnativebaseapp.SplashActivity"
25-->src/main/AndroidManifest.xml:14:9-39
26            android:label="@string/app_name"
26-->src/main/AndroidManifest.xml:16:9-41
27            android:theme="@style/SplashTheme" >
27-->src/main/AndroidManifest.xml:15:9-43
28            <intent-filter>
28-->src/main/AndroidManifest.xml:17:9-20:25
29                <action android:name="android.intent.action.MAIN" />
29-->src/main/AndroidManifest.xml:18:11-63
29-->src/main/AndroidManifest.xml:18:19-60
30
31                <category android:name="android.intent.category.LAUNCHER" />
31-->src/main/AndroidManifest.xml:19:11-71
31-->src/main/AndroidManifest.xml:19:21-68
32            </intent-filter>
33        </activity>
34        <activity
34-->src/main/AndroidManifest.xml:22:7-32:18
35            android:name="com.recraftreactnativebaseapp.MainActivity"
35-->src/main/AndroidManifest.xml:23:9-37
36            android:configChanges="keyboard|keyboardHidden|orientation|screenSize"
36-->src/main/AndroidManifest.xml:25:9-79
37            android:exported="true"
37-->src/main/AndroidManifest.xml:27:9-32
38            android:label="@string/app_name"
38-->src/main/AndroidManifest.xml:24:9-41
39            android:windowSoftInputMode="adjustResize" >
39-->src/main/AndroidManifest.xml:26:9-51
40            <intent-filter>
40-->src/main/AndroidManifest.xml:28:9-31:25
41                <action android:name="android.intent.action.MAIN" />
41-->src/main/AndroidManifest.xml:18:11-63
41-->src/main/AndroidManifest.xml:18:19-60
42                <!-- <category android:name="android.intent.category.LAUNCHER" /> -->
43            </intent-filter>
44        </activity>
45        <activity android:name="com.facebook.react.devsupport.DevSettingsActivity" />
45-->src/main/AndroidManifest.xml:33:7-84
45-->src/main/AndroidManifest.xml:33:17-81
46    </application>
47
48</manifest>